<?xml version="1.0" encoding="UTF-8"?>
<testng-results ignored="0" total="33" passed="33" failed="0" skipped="0">
  <reporter-output>
  </reporter-output>
  <suite started-at="2024-03-09T20:33:07 IST" name="Suite" finished-at="2024-03-09T20:41:54 IST" duration-ms="527655">
    <groups>
      <group name="cucumber">
        <method signature="AbstractTestNGCucumberTests.runScenario(io.cucumber.testng.PickleWrapper,io.cucumber.testng.FeatureWrapper)[pri:0, instance:com.urbanLadder.testRunner.testNGRunner@71075444]" name="runScenario" class="io.cucumber.testng.AbstractTestNGCucumberTests"/>
      </group> <!-- cucumber -->
    </groups>
    <test started-at="2024-03-09T20:33:07 IST" name="Test" finished-at="2024-03-09T20:41:54 IST" duration-ms="527655">
      <class name="com.urbanLadder.testRunner.testNGRunner">
        <test-method is-config="true" signature="setUpClass(org.testng.ITestContext)[pri:0, instance:com.urbanLadder.testRunner.testNGRunner@71075444]" started-at="2024-03-09T20:33:07 IST" name="setUpClass" finished-at="2024-03-09T20:33:09 IST" duration-ms="2037" status="PASS">
          <params>
            <param index="0">
              <value>
                <![CDATA[org.testng.TestRunner@4d12e75d]]>
              </value>
            </param>
          </params>
          <reporter-output>
          </reporter-output>
        </test-method> <!-- setUpClass -->
        <test-method signature="runScenario(io.cucumber.testng.PickleWrapper,io.cucumber.testng.FeatureWrapper)[pri:0, instance:com.urbanLadder.testRunner.testNGRunner@71075444]" started-at="2024-03-09T20:33:09 IST" name="runScenario" description="Runs Cucumber Scenarios" data-provider="scenarios" finished-at="2024-03-09T20:33:51 IST" duration-ms="42188" status="PASS">
          <params>
            <param index="0">
              <value>
                <![CDATA["User validate and retrieve the name and price of first three Bookshelves on the Booksheleves page"]]>
              </value>
            </param>
            <param index="1">
              <value>
                <![CDATA["urbanLadder End To End"]]>
              </value>
            </param>
          </params>
          <reporter-output>
          </reporter-output>
        </test-method> <!-- runScenario -->
        <test-method signature="runScenario(io.cucumber.testng.PickleWrapper,io.cucumber.testng.FeatureWrapper)[pri:0, instance:com.urbanLadder.testRunner.testNGRunner@71075444]" started-at="2024-03-09T20:33:51 IST" name="runScenario" description="Runs Cucumber Scenarios" data-provider="scenarios" finished-at="2024-03-09T20:34:10 IST" duration-ms="19297" status="PASS">
          <params>
            <param index="0">
              <value>
                <![CDATA["User validate and retrieve the name and price of first three StudyChairs on StudyChairs page"]]>
              </value>
            </param>
            <param index="1">
              <value>
                <![CDATA["urbanLadder End To End"]]>
              </value>
            </param>
          </params>
          <reporter-output>
          </reporter-output>
        </test-method> <!-- runScenario -->
        <test-method signature="runScenario(io.cucumber.testng.PickleWrapper,io.cucumber.testng.FeatureWrapper)[pri:0, instance:com.urbanLadder.testRunner.testNGRunner@71075444]" started-at="2024-03-09T20:34:10 IST" name="runScenario" description="Runs Cucumber Scenarios" data-provider="scenarios" finished-at="2024-03-09T20:34:23 IST" duration-ms="12456" status="PASS">
          <params>
            <param index="0">
              <value>
                <![CDATA["User validate and retrieve all items under any one of sub-menu items of Living menu item"]]>
              </value>
            </param>
            <param index="1">
              <value>
                <![CDATA["urbanLadder End To End"]]>
              </value>
            </param>
          </params>
          <reporter-output>
          </reporter-output>
        </test-method> <!-- runScenario -->
        <test-method signature="runScenario(io.cucumber.testng.PickleWrapper,io.cucumber.testng.FeatureWrapper)[pri:0, instance:com.urbanLadder.testRunner.testNGRunner@71075444]" started-at="2024-03-09T20:34:23 IST" name="runScenario" description="Runs Cucumber Scenarios" data-provider="scenarios" finished-at="2024-03-09T20:34:34 IST" duration-ms="11112" status="PASS">
          <params>
            <param index="0">
              <value>
                <![CDATA["User validate and retrieve all items under any one of sub-menu items of Living menu item"]]>
              </value>
            </param>
            <param index="1">
              <value>
                <![CDATA["urbanLadder End To End"]]>
              </value>
            </param>
          </params>
          <reporter-output>
          </reporter-output>
        </test-method> <!-- runScenario -->
        <test-method signature="runScenario(io.cucumber.testng.PickleWrapper,io.cucumber.testng.FeatureWrapper)[pri:0, instance:com.urbanLadder.testRunner.testNGRunner@71075444]" started-at="2024-03-09T20:34:34 IST" name="runScenario" description="Runs Cucumber Scenarios" data-provider="scenarios" finished-at="2024-03-09T20:34:54 IST" duration-ms="20065" status="PASS">
          <params>
            <param index="0">
              <value>
                <![CDATA["Filling the form with from and to details in the GiftCards page"]]>
              </value>
            </param>
            <param index="1">
              <value>
                <![CDATA["urbanLadder End To End"]]>
              </value>
            </param>
          </params>
          <reporter-output>
          </reporter-output>
        </test-method> <!-- runScenario -->
        <test-method signature="runScenario(io.cucumber.testng.PickleWrapper,io.cucumber.testng.FeatureWrapper)[pri:0, instance:com.urbanLadder.testRunner.testNGRunner@71075444]" started-at="2024-03-09T20:34:54 IST" name="runScenario" description="Runs Cucumber Scenarios" data-provider="scenarios" finished-at="2024-03-09T20:35:14 IST" duration-ms="19611" status="PASS">
          <params>
            <param index="0">
              <value>
                <![CDATA["Filling the form with from and to details in the GiftCards page"]]>
              </value>
            </param>
            <param index="1">
              <value>
                <![CDATA["urbanLadder End To End"]]>
              </value>
            </param>
          </params>
          <reporter-output>
          </reporter-output>
        </test-method> <!-- runScenario -->
        <test-method signature="runScenario(io.cucumber.testng.PickleWrapper,io.cucumber.testng.FeatureWrapper)[pri:0, instance:com.urbanLadder.testRunner.testNGRunner@71075444]" started-at="2024-03-09T20:35:14 IST" name="runScenario" description="Runs Cucumber Scenarios" data-provider="scenarios" finished-at="2024-03-09T20:35:35 IST" duration-ms="21133" status="PASS">
          <params>
            <param index="0">
              <value>
                <![CDATA["Filling the form with from and to details in the GiftCards page"]]>
              </value>
            </param>
            <param index="1">
              <value>
                <![CDATA["urbanLadder End To End"]]>
              </value>
            </param>
          </params>
          <reporter-output>
          </reporter-output>
        </test-method> <!-- runScenario -->
        <test-method signature="runScenario(io.cucumber.testng.PickleWrapper,io.cucumber.testng.FeatureWrapper)[pri:0, instance:com.urbanLadder.testRunner.testNGRunner@71075444]" started-at="2024-03-09T20:35:35 IST" name="runScenario" description="Runs Cucumber Scenarios" data-provider="scenarios" finished-at="2024-03-09T20:35:52 IST" duration-ms="17488" status="PASS">
          <params>
            <param index="0">
              <value>
                <![CDATA["navigate to bookshelves page through Explore Our Furniture Range menu"]]>
              </value>
            </param>
            <param index="1">
              <value>
                <![CDATA["Regression suite of UrbanLadder Automation"]]>
              </value>
            </param>
          </params>
          <reporter-output>
          </reporter-output>
        </test-method> <!-- runScenario -->
        <test-method signature="runScenario(io.cucumber.testng.PickleWrapper,io.cucumber.testng.FeatureWrapper)[pri:0, instance:com.urbanLadder.testRunner.testNGRunner@71075444]" started-at="2024-03-09T20:35:52 IST" name="runScenario" description="Runs Cucumber Scenarios" data-provider="scenarios" finished-at="2024-03-09T20:36:23 IST" duration-ms="31117" status="PASS">
          <params>
            <param index="0">
              <value>
                <![CDATA["navigate to bookshelves page through study room furniture page"]]>
              </value>
            </param>
            <param index="1">
              <value>
                <![CDATA["Regression suite of UrbanLadder Automation"]]>
              </value>
            </param>
          </params>
          <reporter-output>
          </reporter-output>
        </test-method> <!-- runScenario -->
        <test-method signature="runScenario(io.cucumber.testng.PickleWrapper,io.cucumber.testng.FeatureWrapper)[pri:0, instance:com.urbanLadder.testRunner.testNGRunner@71075444]" started-at="2024-03-09T20:36:23 IST" name="runScenario" description="Runs Cucumber Scenarios" data-provider="scenarios" finished-at="2024-03-09T20:36:51 IST" duration-ms="27552" status="PASS">
          <params>
            <param index="0">
              <value>
                <![CDATA["navigate to study chairs page through study room furniture page"]]>
              </value>
            </param>
            <param index="1">
              <value>
                <![CDATA["Regression suite of UrbanLadder Automation"]]>
              </value>
            </param>
          </params>
          <reporter-output>
          </reporter-output>
        </test-method> <!-- runScenario -->
        <test-method signature="runScenario(io.cucumber.testng.PickleWrapper,io.cucumber.testng.FeatureWrapper)[pri:0, instance:com.urbanLadder.testRunner.testNGRunner@71075444]" started-at="2024-03-09T20:36:51 IST" name="runScenario" description="Runs Cucumber Scenarios" data-provider="scenarios" finished-at="2024-03-09T20:37:03 IST" duration-ms="12241" status="PASS">
          <params>
            <param index="0">
              <value>
                <![CDATA["Validate search functionality on the UrbanLadder web application"]]>
              </value>
            </param>
            <param index="1">
              <value>
                <![CDATA["Regression suite of UrbanLadder Automation"]]>
              </value>
            </param>
          </params>
          <reporter-output>
          </reporter-output>
        </test-method> <!-- runScenario -->
        <test-method signature="runScenario(io.cucumber.testng.PickleWrapper,io.cucumber.testng.FeatureWrapper)[pri:0, instance:com.urbanLadder.testRunner.testNGRunner@71075444]" started-at="2024-03-09T20:37:03 IST" name="runScenario" description="Runs Cucumber Scenarios" data-provider="scenarios" finished-at="2024-03-09T20:37:16 IST" duration-ms="12816" status="PASS">
          <params>
            <param index="0">
              <value>
                <![CDATA["Validate track order functionality on the UrbanLadder web application"]]>
              </value>
            </param>
            <param index="1">
              <value>
                <![CDATA["Regression suite of UrbanLadder Automation"]]>
              </value>
            </param>
          </params>
          <reporter-output>
          </reporter-output>
        </test-method> <!-- runScenario -->
        <test-method signature="runScenario(io.cucumber.testng.PickleWrapper,io.cucumber.testng.FeatureWrapper)[pri:0, instance:com.urbanLadder.testRunner.testNGRunner@71075444]" started-at="2024-03-09T20:37:16 IST" name="runScenario" description="Runs Cucumber Scenarios" data-provider="scenarios" finished-at="2024-03-09T20:37:27 IST" duration-ms="10840" status="PASS">
          <params>
            <param index="0">
              <value>
                <![CDATA["Validate Wishlist functionality on the UrbanLadder web application"]]>
              </value>
            </param>
            <param index="1">
              <value>
                <![CDATA["Regression suite of UrbanLadder Automation"]]>
              </value>
            </param>
          </params>
          <reporter-output>
          </reporter-output>
        </test-method> <!-- runScenario -->
        <test-method signature="runScenario(io.cucumber.testng.PickleWrapper,io.cucumber.testng.FeatureWrapper)[pri:0, instance:com.urbanLadder.testRunner.testNGRunner@71075444]" started-at="2024-03-09T20:37:27 IST" name="runScenario" description="Runs Cucumber Scenarios" data-provider="scenarios" finished-at="2024-03-09T20:37:38 IST" duration-ms="11592" status="PASS">
          <params>
            <param index="0">
              <value>
                <![CDATA["Validate cart functionality on the UrbanLadder web application"]]>
              </value>
            </param>
            <param index="1">
              <value>
                <![CDATA["Regression suite of UrbanLadder Automation"]]>
              </value>
            </param>
          </params>
          <reporter-output>
          </reporter-output>
        </test-method> <!-- runScenario -->
        <test-method signature="runScenario(io.cucumber.testng.PickleWrapper,io.cucumber.testng.FeatureWrapper)[pri:0, instance:com.urbanLadder.testRunner.testNGRunner@71075444]" started-at="2024-03-09T20:37:38 IST" name="runScenario" description="Runs Cucumber Scenarios" data-provider="scenarios" finished-at="2024-03-09T20:37:55 IST" duration-ms="16234" status="PASS">
          <params>
            <param index="0">
              <value>
                <![CDATA["Validate the material filter functionality on the bookshelves page"]]>
              </value>
            </param>
            <param index="1">
              <value>
                <![CDATA["Regression suite of UrbanLadder Automation"]]>
              </value>
            </param>
          </params>
          <reporter-output>
          </reporter-output>
        </test-method> <!-- runScenario -->
        <test-method signature="runScenario(io.cucumber.testng.PickleWrapper,io.cucumber.testng.FeatureWrapper)[pri:0, instance:com.urbanLadder.testRunner.testNGRunner@71075444]" started-at="2024-03-09T20:37:55 IST" name="runScenario" description="Runs Cucumber Scenarios" data-provider="scenarios" finished-at="2024-03-09T20:38:08 IST" duration-ms="13084" status="PASS">
          <params>
            <param index="0">
              <value>
                <![CDATA["Validate the material filter functionality on the bookshelves page"]]>
              </value>
            </param>
            <param index="1">
              <value>
                <![CDATA["Regression suite of UrbanLadder Automation"]]>
              </value>
            </param>
          </params>
          <reporter-output>
          </reporter-output>
        </test-method> <!-- runScenario -->
        <test-method signature="runScenario(io.cucumber.testng.PickleWrapper,io.cucumber.testng.FeatureWrapper)[pri:0, instance:com.urbanLadder.testRunner.testNGRunner@71075444]" started-at="2024-03-09T20:38:08 IST" name="runScenario" description="Runs Cucumber Scenarios" data-provider="scenarios" finished-at="2024-03-09T20:38:20 IST" duration-ms="12462" status="PASS">
          <params>
            <param index="0">
              <value>
                <![CDATA["Validate the material filter functionality on the bookshelves page"]]>
              </value>
            </param>
            <param index="1">
              <value>
                <![CDATA["Regression suite of UrbanLadder Automation"]]>
              </value>
            </param>
          </params>
          <reporter-output>
          </reporter-output>
        </test-method> <!-- runScenario -->
        <test-method signature="runScenario(io.cucumber.testng.PickleWrapper,io.cucumber.testng.FeatureWrapper)[pri:0, instance:com.urbanLadder.testRunner.testNGRunner@71075444]" started-at="2024-03-09T20:38:20 IST" name="runScenario" description="Runs Cucumber Scenarios" data-provider="scenarios" finished-at="2024-03-09T20:38:33 IST" duration-ms="12740" status="PASS">
          <params>
            <param index="0">
              <value>
                <![CDATA["Validate the brand filter functionality on the bookshelves page"]]>
              </value>
            </param>
            <param index="1">
              <value>
                <![CDATA["Regression suite of UrbanLadder Automation"]]>
              </value>
            </param>
          </params>
          <reporter-output>
          </reporter-output>
        </test-method> <!-- runScenario -->
        <test-method signature="runScenario(io.cucumber.testng.PickleWrapper,io.cucumber.testng.FeatureWrapper)[pri:0, instance:com.urbanLadder.testRunner.testNGRunner@71075444]" started-at="2024-03-09T20:38:33 IST" name="runScenario" description="Runs Cucumber Scenarios" data-provider="scenarios" finished-at="2024-03-09T20:38:45 IST" duration-ms="12307" status="PASS">
          <params>
            <param index="0">
              <value>
                <![CDATA["Validate the brand filter functionality on the bookshelves page"]]>
              </value>
            </param>
            <param index="1">
              <value>
                <![CDATA["Regression suite of UrbanLadder Automation"]]>
              </value>
            </param>
          </params>
          <reporter-output>
          </reporter-output>
        </test-method> <!-- runScenario -->
        <test-method signature="runScenario(io.cucumber.testng.PickleWrapper,io.cucumber.testng.FeatureWrapper)[pri:0, instance:com.urbanLadder.testRunner.testNGRunner@71075444]" started-at="2024-03-09T20:38:45 IST" name="runScenario" description="Runs Cucumber Scenarios" data-provider="scenarios" finished-at="2024-03-09T20:38:57 IST" duration-ms="12289" status="PASS">
          <params>
            <param index="0">
              <value>
                <![CDATA["Validate the brand filter functionality on the bookshelves page"]]>
              </value>
            </param>
            <param index="1">
              <value>
                <![CDATA["Regression suite of UrbanLadder Automation"]]>
              </value>
            </param>
          </params>
          <reporter-output>
          </reporter-output>
        </test-method> <!-- runScenario -->
        <test-method signature="runScenario(io.cucumber.testng.PickleWrapper,io.cucumber.testng.FeatureWrapper)[pri:0, instance:com.urbanLadder.testRunner.testNGRunner@71075444]" started-at="2024-03-09T20:38:57 IST" name="runScenario" description="Runs Cucumber Scenarios" data-provider="scenarios" finished-at="2024-03-09T20:39:14 IST" duration-ms="16879" status="PASS">
          <params>
            <param index="0">
              <value>
                <![CDATA["Validate the sort by functionality on the bookshelves page"]]>
              </value>
            </param>
            <param index="1">
              <value>
                <![CDATA["Regression suite of UrbanLadder Automation"]]>
              </value>
            </param>
          </params>
          <reporter-output>
          </reporter-output>
        </test-method> <!-- runScenario -->
        <test-method signature="runScenario(io.cucumber.testng.PickleWrapper,io.cucumber.testng.FeatureWrapper)[pri:0, instance:com.urbanLadder.testRunner.testNGRunner@71075444]" started-at="2024-03-09T20:39:14 IST" name="runScenario" description="Runs Cucumber Scenarios" data-provider="scenarios" finished-at="2024-03-09T20:39:31 IST" duration-ms="16648" status="PASS">
          <params>
            <param index="0">
              <value>
                <![CDATA["Validate the sort by functionality on the bookshelves page"]]>
              </value>
            </param>
            <param index="1">
              <value>
                <![CDATA["Regression suite of UrbanLadder Automation"]]>
              </value>
            </param>
          </params>
          <reporter-output>
          </reporter-output>
        </test-method> <!-- runScenario -->
        <test-method signature="runScenario(io.cucumber.testng.PickleWrapper,io.cucumber.testng.FeatureWrapper)[pri:0, instance:com.urbanLadder.testRunner.testNGRunner@71075444]" started-at="2024-03-09T20:39:31 IST" name="runScenario" description="Runs Cucumber Scenarios" data-provider="scenarios" finished-at="2024-03-09T20:39:49 IST" duration-ms="17638" status="PASS">
          <params>
            <param index="0">
              <value>
                <![CDATA["Validate the sort by functionality on the bookshelves page"]]>
              </value>
            </param>
            <param index="1">
              <value>
                <![CDATA["Regression suite of UrbanLadder Automation"]]>
              </value>
            </param>
          </params>
          <reporter-output>
          </reporter-output>
        </test-method> <!-- runScenario -->
        <test-method signature="runScenario(io.cucumber.testng.PickleWrapper,io.cucumber.testng.FeatureWrapper)[pri:0, instance:com.urbanLadder.testRunner.testNGRunner@71075444]" started-at="2024-03-09T20:39:49 IST" name="runScenario" description="Runs Cucumber Scenarios" data-provider="scenarios" finished-at="2024-03-09T20:40:01 IST" duration-ms="12127" status="PASS">
          <params>
            <param index="0">
              <value>
                <![CDATA["navigate to Bookshelves page from the UrbanLadder homepage"]]>
              </value>
            </param>
            <param index="1">
              <value>
                <![CDATA["Smoke suite of UrbanLadder Automation"]]>
              </value>
            </param>
          </params>
          <reporter-output>
          </reporter-output>
        </test-method> <!-- runScenario -->
        <test-method signature="runScenario(io.cucumber.testng.PickleWrapper,io.cucumber.testng.FeatureWrapper)[pri:0, instance:com.urbanLadder.testRunner.testNGRunner@71075444]" started-at="2024-03-09T20:40:01 IST" name="runScenario" description="Runs Cucumber Scenarios" data-provider="scenarios" finished-at="2024-03-09T20:40:33 IST" duration-ms="32043" status="PASS">
          <params>
            <param index="0">
              <value>
                <![CDATA["Apply the filters on bookshelves in the bookshelves page"]]>
              </value>
            </param>
            <param index="1">
              <value>
                <![CDATA["Smoke suite of UrbanLadder Automation"]]>
              </value>
            </param>
          </params>
          <reporter-output>
          </reporter-output>
        </test-method> <!-- runScenario -->
        <test-method signature="runScenario(io.cucumber.testng.PickleWrapper,io.cucumber.testng.FeatureWrapper)[pri:0, instance:com.urbanLadder.testRunner.testNGRunner@71075444]" started-at="2024-03-09T20:40:33 IST" name="runScenario" description="Runs Cucumber Scenarios" data-provider="scenarios" finished-at="2024-03-09T20:40:43 IST" duration-ms="10199" status="PASS">
          <params>
            <param index="0">
              <value>
                <![CDATA["Navigate to Studychairs Page from UrbanLadder homepage"]]>
              </value>
            </param>
            <param index="1">
              <value>
                <![CDATA["Smoke suite of UrbanLadder Automation"]]>
              </value>
            </param>
          </params>
          <reporter-output>
          </reporter-output>
        </test-method> <!-- runScenario -->
        <test-method signature="runScenario(io.cucumber.testng.PickleWrapper,io.cucumber.testng.FeatureWrapper)[pri:0, instance:com.urbanLadder.testRunner.testNGRunner@71075444]" started-at="2024-03-09T20:40:43 IST" name="runScenario" description="Runs Cucumber Scenarios" data-provider="scenarios" finished-at="2024-03-09T20:40:51 IST" duration-ms="8349" status="PASS">
          <params>
            <param index="0">
              <value>
                <![CDATA["validate and retrieve all items under any one of sub-menu items of Living menu item in the UrbanLadder homepage"]]>
              </value>
            </param>
            <param index="1">
              <value>
                <![CDATA["Smoke suite of UrbanLadder Automation"]]>
              </value>
            </param>
          </params>
          <reporter-output>
          </reporter-output>
        </test-method> <!-- runScenario -->
        <test-method signature="runScenario(io.cucumber.testng.PickleWrapper,io.cucumber.testng.FeatureWrapper)[pri:0, instance:com.urbanLadder.testRunner.testNGRunner@71075444]" started-at="2024-03-09T20:40:51 IST" name="runScenario" description="Runs Cucumber Scenarios" data-provider="scenarios" finished-at="2024-03-09T20:40:59 IST" duration-ms="7729" status="PASS">
          <params>
            <param index="0">
              <value>
                <![CDATA["validate and retrieve all items under any one of sub-menu items of Living menu item in the UrbanLadder homepage"]]>
              </value>
            </param>
            <param index="1">
              <value>
                <![CDATA["Smoke suite of UrbanLadder Automation"]]>
              </value>
            </param>
          </params>
          <reporter-output>
          </reporter-output>
        </test-method> <!-- runScenario -->
        <test-method signature="runScenario(io.cucumber.testng.PickleWrapper,io.cucumber.testng.FeatureWrapper)[pri:0, instance:com.urbanLadder.testRunner.testNGRunner@71075444]" started-at="2024-03-09T20:40:59 IST" name="runScenario" description="Runs Cucumber Scenarios" data-provider="scenarios" finished-at="2024-03-09T20:41:09 IST" duration-ms="9873" status="PASS">
          <params>
            <param index="0">
              <value>
                <![CDATA["Navigate to Giftcards page from urbanLadder homepage"]]>
              </value>
            </param>
            <param index="1">
              <value>
                <![CDATA["Smoke suite of UrbanLadder Automation"]]>
              </value>
            </param>
          </params>
          <reporter-output>
          </reporter-output>
        </test-method> <!-- runScenario -->
        <test-method signature="runScenario(io.cucumber.testng.PickleWrapper,io.cucumber.testng.FeatureWrapper)[pri:0, instance:com.urbanLadder.testRunner.testNGRunner@71075444]" started-at="2024-03-09T20:41:09 IST" name="runScenario" description="Runs Cucumber Scenarios" data-provider="scenarios" finished-at="2024-03-09T20:41:18 IST" duration-ms="8982" status="PASS">
          <params>
            <param index="0">
              <value>
                <![CDATA["Choose an occasion on the GiftCards page"]]>
              </value>
            </param>
            <param index="1">
              <value>
                <![CDATA["Smoke suite of UrbanLadder Automation"]]>
              </value>
            </param>
          </params>
          <reporter-output>
          </reporter-output>
        </test-method> <!-- runScenario -->
        <test-method signature="runScenario(io.cucumber.testng.PickleWrapper,io.cucumber.testng.FeatureWrapper)[pri:0, instance:com.urbanLadder.testRunner.testNGRunner@71075444]" started-at="2024-03-09T20:41:18 IST" name="runScenario" description="Runs Cucumber Scenarios" data-provider="scenarios" finished-at="2024-03-09T20:41:30 IST" duration-ms="11746" status="PASS">
          <params>
            <param index="0">
              <value>
                <![CDATA["Customize the gift card with valid amount"]]>
              </value>
            </param>
            <param index="1">
              <value>
                <![CDATA["Smoke suite of UrbanLadder Automation"]]>
              </value>
            </param>
          </params>
          <reporter-output>
          </reporter-output>
        </test-method> <!-- runScenario -->
        <test-method signature="runScenario(io.cucumber.testng.PickleWrapper,io.cucumber.testng.FeatureWrapper)[pri:0, instance:com.urbanLadder.testRunner.testNGRunner@71075444]" started-at="2024-03-09T20:41:30 IST" name="runScenario" description="Runs Cucumber Scenarios" data-provider="scenarios" finished-at="2024-03-09T20:41:40 IST" duration-ms="10793" status="PASS">
          <params>
            <param index="0">
              <value>
                <![CDATA["Customize the gift card with valid amount"]]>
              </value>
            </param>
            <param index="1">
              <value>
                <![CDATA["Smoke suite of UrbanLadder Automation"]]>
              </value>
            </param>
          </params>
          <reporter-output>
          </reporter-output>
        </test-method> <!-- runScenario -->
        <test-method signature="runScenario(io.cucumber.testng.PickleWrapper,io.cucumber.testng.FeatureWrapper)[pri:0, instance:com.urbanLadder.testRunner.testNGRunner@71075444]" started-at="2024-03-09T20:41:40 IST" name="runScenario" description="Runs Cucumber Scenarios" data-provider="scenarios" finished-at="2024-03-09T20:41:52 IST" duration-ms="11789" status="PASS">
          <params>
            <param index="0">
              <value>
                <![CDATA["Customize the gift card with valid amount"]]>
              </value>
            </param>
            <param index="1">
              <value>
                <![CDATA["Smoke suite of UrbanLadder Automation"]]>
              </value>
            </param>
          </params>
          <reporter-output>
          </reporter-output>
        </test-method> <!-- runScenario -->
        <test-method is-config="true" signature="tearDownClass()[pri:0, instance:com.urbanLadder.testRunner.testNGRunner@71075444]" started-at="2024-03-09T20:41:52 IST" name="tearDownClass" finished-at="2024-03-09T20:41:54 IST" duration-ms="2052" status="PASS">
          <reporter-output>
          </reporter-output>
        </test-method> <!-- tearDownClass -->
      </class> <!-- com.urbanLadder.testRunner.testNGRunner -->
    </test> <!-- Test -->
  </suite> <!-- Suite -->
</testng-results>
